{
  "RSpec": {
    "coverage": {
      "/Users/kristastadler/turing/3module/projects/sweater_weather/config/environment.rb": {
        "lines": [
          null,
          1,
          null,
          null,
          1
        ]
      },
      "/Users/kristastadler/turing/3module/projects/sweater_weather/config/application.rb": {
        "lines": [
          1,
          null,
          1,
          null,
          1,
          1,
          1,
          1,
          1,
          1,
          1,
          1,
          1,
          null,
          null,
          null,
          null,
          1,
          null,
          1,
          1,
          null,
          1,
          null,
          null,
          null,
          null,
          null,
          null,
          null,
          1,
          null,
          null
        ]
      },
      "/Users/kristastadler/turing/3module/projects/sweater_weather/config/boot.rb": {
        "lines": [
          1,
          null,
          1,
          1
        ]
      },
      "/Users/kristastadler/turing/3module/projects/sweater_weather/config/environments/test.rb": {
        "lines": [
          1,
          null,
          null,
          null,
          null,
          null,
          null,
          1,
          null,
          null,
          null,
          null,
          1,
          null,
          null,
          1,
          1,
          null,
          null,
          null,
          null,
          1,
          1,
          null,
          null,
          1,
          null,
          null,
          1,
          null,
          null,
          1,
          null,
          1,
          null,
          null,
          null,
          null,
          1,
          null,
          null,
          1,
          null,
          null,
          null,
          null
        ]
      },
      "/Users/kristastadler/turing/3module/projects/sweater_weather/config/initializers/application_controller_renderer.rb": {
        "lines": [
          null,
          null,
          null,
          null,
          null,
          null,
          null,
          null
        ]
      },
      "/Users/kristastadler/turing/3module/projects/sweater_weather/config/initializers/assets.rb": {
        "lines": [
          null,
          null,
          null,
          1,
          null,
          null,
          null,
          null,
          1,
          null,
          null,
          null,
          null,
          null
        ]
      },
      "/Users/kristastadler/turing/3module/projects/sweater_weather/config/initializers/backtrace_silencers.rb": {
        "lines": [
          null,
          null,
          null,
          null,
          null,
          null,
          null
        ]
      },
      "/Users/kristastadler/turing/3module/projects/sweater_weather/config/initializers/content_security_policy.rb": {
        "lines": [
          null,
          null,
          null,
          null,
          null,
          null,
          null,
          null,
          null,
          null,
          null,
          null,
          null,
          null,
          null,
          null,
          null,
          null,
          null,
          null,
          null,
          null,
          null,
          null,
          null
        ]
      },
      "/Users/kristastadler/turing/3module/projects/sweater_weather/config/initializers/cookies_serializer.rb": {
        "lines": [
          null,
          null,
          null,
          null,
          1
        ]
      },
      "/Users/kristastadler/turing/3module/projects/sweater_weather/config/initializers/filter_parameter_logging.rb": {
        "lines": [
          null,
          null,
          null,
          1
        ]
      },
      "/Users/kristastadler/turing/3module/projects/sweater_weather/config/initializers/inflections.rb": {
        "lines": [
          null,
          null,
          null,
          null,
          null,
          null,
          null,
          null,
          null,
          null,
          null,
          null,
          null,
          null,
          null,
          null
        ]
      },
      "/Users/kristastadler/turing/3module/projects/sweater_weather/config/initializers/mime_types.rb": {
        "lines": [
          null,
          null,
          null,
          null
        ]
      },
      "/Users/kristastadler/turing/3module/projects/sweater_weather/config/initializers/wrap_parameters.rb": {
        "lines": [
          null,
          null,
          null,
          null,
          null,
          null,
          1,
          2,
          null,
          null,
          null,
          null,
          null,
          null
        ]
      },
      "/Users/kristastadler/turing/3module/projects/sweater_weather/spec/factories/users.rb": {
        "lines": [
          1,
          1,
          1,
          1,
          1,
          1,
          null,
          null
        ]
      },
      "/Users/kristastadler/turing/3module/projects/sweater_weather/config/routes.rb": {
        "lines": [
          1,
          null,
          1,
          null,
          1,
          1,
          1,
          1,
          1,
          1,
          1,
          1,
          null,
          null,
          null,
          null
        ]
      },
      "/Users/kristastadler/turing/3module/projects/sweater_weather/app/helpers/application_helper.rb": {
        "lines": [
          1,
          null
        ]
      },
      "/Users/kristastadler/turing/3module/projects/sweater_weather/spec/models/user_spec.rb": {
        "lines": [
          1,
          null,
          1,
          1,
          2,
          2,
          2,
          2,
          null,
          null,
          null
        ]
      },
      "/Users/kristastadler/turing/3module/projects/sweater_weather/app/models/user.rb": {
        "lines": [
          1,
          1,
          1,
          1,
          1,
          null,
          null
        ]
      },
      "/Users/kristastadler/turing/3module/projects/sweater_weather/app/models/application_record.rb": {
        "lines": [
          1,
          1,
          null
        ]
      },
      "/Users/kristastadler/turing/3module/projects/sweater_weather/spec/requests/api/v1/background_requests_spec.rb": {
        "lines": [
          1,
          null,
          1,
          1,
          1,
          null,
          1,
          null,
          1,
          null,
          1,
          1,
          null,
          null,
          null
        ]
      },
      "/Users/kristastadler/turing/3module/projects/sweater_weather/spec/requests/api/v1/foodie_requests_spec.rb": {
        "lines": [
          1,
          null,
          1,
          1,
          0,
          null,
          0,
          0,
          0,
          0,
          0,
          0,
          0,
          null,
          null,
          null
        ]
      },
      "/Users/kristastadler/turing/3module/projects/sweater_weather/spec/requests/api/v1/registration_requests_spec.rb": {
        "lines": [
          1,
          null,
          1,
          1,
          null,
          1,
          null,
          null,
          null,
          1,
          null,
          1,
          1,
          null,
          1,
          1,
          1,
          1,
          1,
          1,
          null,
          null,
          null,
          1,
          1,
          null,
          null,
          null,
          1,
          null,
          1,
          1,
          1,
          1,
          null,
          null,
          null,
          1,
          1,
          null,
          null,
          null,
          1,
          null,
          null,
          null,
          1,
          1,
          1,
          1,
          null,
          null,
          1,
          1,
          null,
          null,
          null,
          1,
          null,
          null,
          1,
          1,
          1,
          1,
          1,
          1,
          1,
          null,
          null,
          1,
          1,
          null,
          null,
          null,
          1,
          null,
          1,
          1,
          1,
          1,
          null,
          null,
          null
        ]
      },
      "/Users/kristastadler/turing/3module/projects/sweater_weather/spec/requests/api/v1/roadtrip_requests_spec.rb": {
        "lines": [
          1,
          null,
          1,
          1,
          0,
          0,
          null,
          null,
          null,
          0,
          null,
          null,
          null,
          0,
          null,
          0,
          0,
          0,
          0,
          0,
          0,
          0,
          null,
          null,
          null,
          1,
          1,
          null,
          null,
          null,
          1,
          null,
          null,
          null,
          1,
          null,
          null,
          1,
          1,
          1,
          null,
          null
        ]
      },
      "/Users/kristastadler/turing/3module/projects/sweater_weather/spec/requests/api/v1/weather_request_spec.rb": {
        "lines": [
          1,
          null,
          1,
          1,
          0,
          null,
          0,
          null,
          0,
          null,
          0,
          0,
          0,
          0,
          0,
          0,
          0,
          0,
          null,
          null,
          null
        ]
      },
      "/Users/kristastadler/turing/3module/projects/sweater_weather/app/controllers/homepage_controller.rb": {
        "lines": [
          1,
          null,
          1,
          null,
          null,
          null
        ]
      },
      "/Users/kristastadler/turing/3module/projects/sweater_weather/app/controllers/application_controller.rb": {
        "lines": [
          1,
          null
        ]
      },
      "/Users/kristastadler/turing/3module/projects/sweater_weather/app/controllers/api/v1/backgrounds_controller.rb": {
        "lines": [
          1,
          null,
          1,
          1,
          1,
          1,
          1,
          null,
          null,
          null,
          null,
          1,
          null,
          null
        ]
      },
      "/Users/kristastadler/turing/3module/projects/sweater_weather/app/services/unsplash_service.rb": {
        "lines": [
          1,
          null,
          1,
          1,
          1,
          1,
          null,
          null,
          null,
          1,
          1,
          1,
          1,
          null,
          null
        ]
      },
      "/Users/kristastadler/turing/3module/projects/sweater_weather/app/controllers/api/v1/users_controller.rb": {
        "lines": [
          1,
          null,
          1,
          1,
          null,
          1,
          3,
          null,
          3,
          2,
          null,
          null,
          2,
          1,
          null,
          1,
          null,
          null,
          1,
          null,
          null,
          1,
          null,
          null,
          1,
          null,
          null,
          null,
          1,
          2,
          2,
          2,
          1,
          null,
          1,
          null,
          null,
          1,
          null,
          null,
          null,
          1,
          null,
          1,
          3,
          null,
          null
        ]
      },
      "/Users/kristastadler/turing/3module/projects/sweater_weather/app/serializers/user_serializer.rb": {
        "lines": [
          1,
          1,
          1,
          1,
          1,
          null,
          null
        ]
      },
      "/Users/kristastadler/turing/3module/projects/sweater_weather/app/controllers/api/v1/road_trip_controller.rb": {
        "lines": [
          1,
          1,
          null,
          1,
          1,
          1,
          0,
          0,
          0,
          0,
          0,
          null,
          null,
          1,
          null,
          null,
          1,
          null,
          null,
          null,
          1,
          null,
          1,
          1,
          null,
          null,
          1,
          0,
          null,
          null,
          null,
          null
        ]
      }
    },
    "timestamp": 1595886599
  }
}
